<?xml version="1.0"?>
<testsuites id="2021-02-08T18:24:44.902Z" name="Integration test for Platinum api" time="7" tests="1" failures="1" skipped="0">
  <testsuite id="2021-02-08T18:24:44.958Z" name="text_structure - /text_structure/find_structure.yml" time="7" tests="1" failures="1" skipped="0">
    <testcase id="2021-02-08T18:24:44.959Z" name="Test NDJSON file structure analysis without overrides" time="7">
      <failure message="ifError got unwanted exception: illegal_argument_exception" type="ERR_ASSERTION">AssertionError [ERR_ASSERTION]: ifError got unwanted exception: illegal_argument_exception
    at doAction (/Users/delvedor/Development/elastic/elasticsearch-js/test/integration/test-runner.js:428:14)
    at processTicksAndRejections (internal/process/task_queues.js:93:5)
    at async exec (/Users/delvedor/Development/elastic/elasticsearch-js/test/integration/test-runner.js:451:9)
    at async Object.run (/Users/delvedor/Development/elastic/elasticsearch-js/test/integration/test-runner.js:225:5)
    at async start (/Users/delvedor/Development/elastic/elasticsearch-js/test/integration/index.js:252:11)
    at onBody (/Users/delvedor/Development/elastic/elasticsearch-js/lib/Transport.js:333:23)
    at IncomingMessage.onEnd (/Users/delvedor/Development/elastic/elasticsearch-js/lib/Transport.js:260:11)
    at IncomingMessage.emit (events.js:327:22)
    at endReadableNT (_stream_readable.js:1327:12)
    at processTicksAndRejections (internal/process/task_queues.js:80:21)</failure>
    </testcase>
  </testsuite>
</testsuites>